# JRE version: Java(TM) SE Runtime Environment (17.0.7+8) (build 17.0.7+8-LTS-224)
# Java VM: Java HotSpot(TM) 64-Bit Server VM (17.0.7+8-LTS-224, mixed mode, sharing, tiered, compressed oops, compressed class ptrs, g1 gc, windows-amd64)
GC Precious Log:
 CPUs: 8 total, 8 available
 Memory: 3899M
 Large Page Support: Disabled
 NUMA Support: Disabled
 Compressed Oops: Enabled (32-bit)
 Heap Region Size: 1M
 Heap Min Capacity: 8M
 Heap Initial Capacity: 62M
 Heap Max Capacity: 976M
 Pre-touch: Disabled
 Parallel Workers: 8
 Concurrent Workers: 2
 Concurrent Refinement Workers: 8
 Periodic GC: Disabled
Heap:
 garbage-first heap   total 66560K, used 37756K [0x00000000c3000000, 0x0000000100000000)
  region size 1024K, 1 young (1024K), 1 survivors (1024K)
 Metaspace       used 86805K, committed 87424K, reserved 1130496K
  class space    used 12189K, committed 12480K, reserved 1048576K
GC Heap History (20 events):
Event: 13.747 GC heap after
{Heap after GC invocations=21 (full 0):
 garbage-first heap   total 55296K, used 28503K [0x00000000c3000000, 0x0000000100000000)
  region size 1024K, 3 young (3072K), 3 survivors (3072K)
 Metaspace       used 67633K, committed 68224K, reserved 1114112K
  class space    used 9374K, committed 9664K, reserved 1048576K
}
Event: 14.357 GC heap before
{Heap before GC invocations=22 (full 0):
 garbage-first heap   total 55296K, used 43863K [0x00000000c3000000, 0x0000000100000000)
  region size 1024K, 19 young (19456K), 3 survivors (3072K)
 Metaspace       used 69902K, committed 70464K, reserved 1114112K
  class space    used 9850K, committed 10112K, reserved 1048576K
}
Event: 14.365 GC heap after
{Heap after GC invocations=23 (full 0):
 garbage-first heap   total 55296K, used 29931K [0x00000000c3000000, 0x0000000100000000)
  region size 1024K, 2 young (2048K), 2 survivors (2048K)
 Metaspace       used 69902K, committed 70464K, reserved 1114112K
  class space    used 9850K, committed 10112K, reserved 1048576K
}
Event: 14.461 GC heap before
{Heap before GC invocations=23 (full 0):
 garbage-first heap   total 55296K, used 44267K [0x00000000c3000000, 0x0000000100000000)
  region size 1024K, 16 young (16384K), 2 survivors (2048K)
 Metaspace       used 69954K, committed 70528K, reserved 1114112K
  class space    used 9855K, committed 10112K, reserved 1048576K
}
Event: 14.464 GC heap after
{Heap after GC invocations=24 (full 0):
 garbage-first heap   total 55296K, used 30326K [0x00000000c3000000, 0x0000000100000000)
  region size 1024K, 1 young (1024K), 1 survivors (1024K)
 Metaspace       used 69954K, committed 70528K, reserved 1114112K
  class space    used 9855K, committed 10112K, reserved 1048576K
}
Event: 14.642 GC heap before
{Heap before GC invocations=25 (full 0):
 garbage-first heap   total 65536K, used 43638K [0x00000000c3000000, 0x0000000100000000)
  region size 1024K, 15 young (15360K), 1 survivors (1024K)
 Metaspace       used 70425K, committed 71040K, reserved 1114112K
  class space    used 9899K, committed 10176K, reserved 1048576K
}
Event: 14.644 GC heap after
{Heap after GC invocations=26 (full 0):
 garbage-first heap   total 65536K, used 30426K [0x00000000c3000000, 0x0000000100000000)
  region size 1024K, 1 young (1024K), 1 survivors (1024K)
 Metaspace       used 70425K, committed 71040K, reserved 1114112K
  class space    used 9899K, committed 10176K, reserved 1048576K
}
Event: 15.005 GC heap before
{Heap before GC invocations=26 (full 0):
 garbage-first heap   total 65536K, used 52954K [0x00000000c3000000, 0x0000000100000000)
  region size 1024K, 23 young (23552K), 1 survivors (1024K)
 Metaspace       used 71731K, committed 72320K, reserved 1114112K
  class space    used 10229K, committed 10496K, reserved 1048576K
}
Event: 15.008 GC heap after
{Heap after GC invocations=27 (full 0):
 garbage-first heap   total 65536K, used 31482K [0x00000000c3000000, 0x0000000100000000)
  region size 1024K, 2 young (2048K), 2 survivors (2048K)
 Metaspace       used 71731K, committed 72320K, reserved 1114112K
  class space    used 10229K, committed 10496K, reserved 1048576K
}
Event: 15.209 GC heap before
{Heap before GC invocations=28 (full 0):
 garbage-first heap   total 65536K, used 52986K [0x00000000c3000000, 0x0000000100000000)
  region size 1024K, 23 young (23552K), 2 survivors (2048K)
 Metaspace       used 71743K, committed 72320K, reserved 1114112K
  class space    used 10229K, committed 10496K, reserved 1048576K
}
Event: 15.214 GC heap after
{Heap after GC invocations=29 (full 0):
 garbage-first heap   total 65536K, used 32471K [0x00000000c3000000, 0x0000000100000000)
  region size 1024K, 3 young (3072K), 3 survivors (3072K)
 Metaspace       used 71743K, committed 72320K, reserved 1114112K
  class space    used 10229K, committed 10496K, reserved 1048576K
}
Event: 15.801 GC heap before
{Heap before GC invocations=29 (full 0):
 garbage-first heap   total 65536K, used 51927K [0x00000000c3000000, 0x0000000100000000)
  region size 1024K, 23 young (23552K), 3 survivors (3072K)
 Metaspace       used 74465K, committed 75072K, reserved 1114112K
  class space    used 10591K, committed 10880K, reserved 1048576K
}
Event: 15.807 GC heap after
{Heap after GC invocations=30 (full 0):
 garbage-first heap   total 65536K, used 33199K [0x00000000c3000000, 0x0000000100000000)
  region size 1024K, 2 young (2048K), 2 survivors (2048K)
 Metaspace       used 74465K, committed 75072K, reserved 1114112K
  class space    used 10591K, committed 10880K, reserved 1048576K
}
Event: 50.780 GC heap before
{Heap before GC invocations=31 (full 0):
 garbage-first heap   total 65536K, used 52655K [0x00000000c3000000, 0x0000000100000000)
  region size 1024K, 22 young (22528K), 2 survivors (2048K)
 Metaspace       used 76981K, committed 77632K, reserved 1122304K
  class space    used 10930K, committed 11200K, reserved 1048576K
}
Event: 50.796 GC heap after
{Heap after GC invocations=32 (full 0):
 garbage-first heap   total 65536K, used 34754K [0x00000000c3000000, 0x0000000100000000)
  region size 1024K, 3 young (3072K), 3 survivors (3072K)
 Metaspace       used 76981K, committed 77632K, reserved 1122304K
  class space    used 10930K, committed 11200K, reserved 1048576K
}
Event: 178.481 GC heap before
{Heap before GC invocations=32 (full 0):
 garbage-first heap   total 65536K, used 52162K [0x00000000c3000000, 0x0000000100000000)
  region size 1024K, 21 young (21504K), 3 survivors (3072K)
 Metaspace       used 80856K, committed 81472K, reserved 1122304K
  class space    used 11457K, committed 11776K, reserved 1048576K
}
Event: 178.522 GC heap after
{Heap after GC invocations=33 (full 0):
 garbage-first heap   total 65536K, used 36061K [0x00000000c3000000, 0x0000000100000000)
  region size 1024K, 2 young (2048K), 2 survivors (2048K)
 Metaspace       used 80856K, committed 81472K, reserved 1122304K
  class space    used 11457K, committed 11776K, reserved 1048576K
}
Event: 181.292 GC heap before
{Heap before GC invocations=34 (full 0):
 garbage-first heap   total 66560K, used 52445K [0x00000000c3000000, 0x0000000100000000)
  region size 1024K, 19 young (19456K), 2 survivors (2048K)
 Metaspace       used 86594K, committed 87296K, reserved 1130496K
  class space    used 12159K, committed 12480K, reserved 1048576K
}
Event: 181.321 GC heap after
{Heap after GC invocations=35 (full 0):
 garbage-first heap   total 66560K, used 37721K [0x00000000c3000000, 0x0000000100000000)
  region size 1024K, 3 young (3072K), 3 survivors (3072K)
 Metaspace       used 86594K, committed 87296K, reserved 1130496K
  class space    used 12159K, committed 12480K, reserved 1048576K
}
Event: 181.408 GC heap before
{Heap before GC invocations=35 (full 0):
 garbage-first heap   total 66560K, used 38745K [0x00000000c3000000, 0x0000000100000000)
  region size 1024K, 4 young (4096K), 3 survivors (3072K)
 Metaspace       used 86805K, committed 87424K, reserved 1130496K
  class space    used 12189K, committed 12480K, reserved 1048576K
}

